This is pdfTeX, Version 3.141592653-2.6-1.40.28 (TeX Live 2025) (preloaded format=pdflatex 2025.10.31)  9 MAR 2026 01:14
entering extended mode
 restricted \write18 enabled.
 %&-line parsing enabled.
**main.tex
(./main.tex
LaTeX2e <2025-06-01> patch level 1
L3 programming layer <2025-10-24>
(c:/texlive/2025/texmf-dist/tex/latex/base/article.cls
Document Class: article 2025/01/22 v1.4n Standard LaTeX document class
(c:/texlive/2025/texmf-dist/tex/latex/base/size11.clo
File: size11.clo 2025/01/22 v1.4n Standard LaTeX file (size option)
)
\c@part=\count275
\c@section=\count276
\c@subsection=\count277
\c@subsubsection=\count278
\c@paragraph=\count279
\c@subparagraph=\count280
\c@figure=\count281
\c@table=\count282
\abovecaptionskip=\skip49
\belowcaptionskip=\skip50
\bibindent=\dimen148
)
(c:/texlive/2025/texmf-dist/tex/latex/geometry/geometry.sty
Package: geometry 2020/01/02 v5.9 Page Geometry

(c:/texlive/2025/texmf-dist/tex/latex/graphics/keyval.sty
Package: keyval 2022/05/29 v1.15 key=value parser (DPC)
\KV@toks@=\toks17
)
(c:/texlive/2025/texmf-dist/tex/generic/iftex/ifvtex.sty
Package: ifvtex 2019/10/25 v1.7 ifvtex legacy package. Use iftex instead.

(c:/texlive/2025/texmf-dist/tex/generic/iftex/iftex.sty
Package: iftex 2024/12/12 v1.0g TeX engine tests
))
\Gm@cnth=\count283
\Gm@cntv=\count284
\c@Gm@tempcnt=\count285
\Gm@bindingoffset=\dimen149
\Gm@wd@mp=\dimen150
\Gm@odd@mp=\dimen151
\Gm@even@mp=\dimen152
\Gm@layoutwidth=\dimen153
\Gm@layoutheight=\dimen154
\Gm@layouthoffset=\dimen155
\Gm@layoutvoffset=\dimen156
\Gm@dimlist=\toks18
)
(c:/texlive/2025/texmf-dist/tex/latex/graphics/graphicx.sty
Package: graphicx 2024/12/31 v1.2e Enhanced LaTeX Graphics (DPC,SPQR)

(c:/texlive/2025/texmf-dist/tex/latex/graphics/graphics.sty
Package: graphics 2024/08/06 v1.4g Standard LaTeX Graphics (DPC,SPQR)

(c:/texlive/2025/texmf-dist/tex/latex/graphics/trig.sty
Package: trig 2023/12/02 v1.11 sin cos tan (DPC)
)
(c:/texlive/2025/texmf-dist/tex/latex/graphics-cfg/graphics.cfg
File: graphics.cfg 2016/06/04 v1.11 sample graphics configuration
)
Package graphics Info: Driver file: pdftex.def on input line 106.

(c:/texlive/2025/texmf-dist/tex/latex/graphics-def/pdftex.def
File: pdftex.def 2025/09/29 v1.2d Graphics/color driver for pdftex
))
\Gin@req@height=\dimen157
\Gin@req@width=\dimen158
)
(c:/texlive/2025/texmf-dist/tex/latex/booktabs/booktabs.sty
Package: booktabs 2020/01/12 v1.61803398 Publication quality tables
\heavyrulewidth=\dimen159
\lightrulewidth=\dimen160
\cmidrulewidth=\dimen161
\belowrulesep=\dimen162
\belowbottomsep=\dimen163
\aboverulesep=\dimen164
\abovetopsep=\dimen165
\cmidrulesep=\dimen166
\cmidrulekern=\dimen167
\defaultaddspace=\dimen168
\@cmidla=\count286
\@cmidlb=\count287
\@aboverulesep=\dimen169
\@belowrulesep=\dimen170
\@thisruleclass=\count288
\@lastruleclass=\count289
\@thisrulewidth=\dimen171
)
(c:/texlive/2025/texmf-dist/tex/latex/amsmath/amsmath.sty
Package: amsmath 2025/06/16 v2.17y AMS math features
\@mathmargin=\skip51

For additional information on amsmath, use the `?' option.
(c:/texlive/2025/texmf-dist/tex/latex/amsmath/amstext.sty
Package: amstext 2024/11/17 v2.01 AMS text

(c:/texlive/2025/texmf-dist/tex/latex/amsmath/amsgen.sty
File: amsgen.sty 1999/11/30 v2.0 generic functions
\@emptytoks=\toks19
\ex@=\dimen172
))
(c:/texlive/2025/texmf-dist/tex/latex/amsmath/amsbsy.sty
Package: amsbsy 1999/11/29 v1.2d Bold Symbols
\pmbraise@=\dimen173
)
(c:/texlive/2025/texmf-dist/tex/latex/amsmath/amsopn.sty
Package: amsopn 2022/04/08 v2.04 operator names
)
\inf@bad=\count290
LaTeX Info: Redefining \frac on input line 233.
\uproot@=\count291
\leftroot@=\count292
LaTeX Info: Redefining \overline on input line 398.
LaTeX Info: Redefining \colon on input line 409.
\classnum@=\count293
\DOTSCASE@=\count294
LaTeX Info: Redefining \ldots on input line 495.
LaTeX Info: Redefining \dots on input line 498.
LaTeX Info: Redefining \cdots on input line 619.
\Mathstrutbox@=\box53
\strutbox@=\box54
LaTeX Info: Redefining \big on input line 721.
LaTeX Info: Redefining \Big on input line 722.
LaTeX Info: Redefining \bigg on input line 723.
LaTeX Info: Redefining \Bigg on input line 724.
\big@size=\dimen174
LaTeX Font Info:    Redeclaring font encoding OML on input line 742.
LaTeX Font Info:    Redeclaring font encoding OMS on input line 743.
\macc@depth=\count295
LaTeX Info: Redefining \bmod on input line 904.
LaTeX Info: Redefining \pmod on input line 909.
LaTeX Info: Redefining \smash on input line 939.
LaTeX Info: Redefining \relbar on input line 969.
LaTeX Info: Redefining \Relbar on input line 970.
\c@MaxMatrixCols=\count296
\dotsspace@=\muskip17
\c@parentequation=\count297
\dspbrk@lvl=\count298
\tag@help=\toks20
\row@=\count299
\column@=\count300
\maxfields@=\count301
\andhelp@=\toks21
\eqnshift@=\dimen175
\alignsep@=\dimen176
\tagshift@=\dimen177
\tagwidth@=\dimen178
\totwidth@=\dimen179
\lineht@=\dimen180
\@envbody=\toks22
\multlinegap=\skip52
\multlinetaggap=\skip53
\mathdisplay@stack=\toks23
LaTeX Info: Redefining \[ on input line 2949.
LaTeX Info: Redefining \] on input line 2950.
)
(c:/texlive/2025/texmf-dist/tex/latex/amsfonts/amssymb.sty
Package: amssymb 2013/01/14 v3.01 AMS font symbols

(c:/texlive/2025/texmf-dist/tex/latex/amsfonts/amsfonts.sty
Package: amsfonts 2013/01/14 v3.01 Basic AMSFonts support
\symAMSa=\mathgroup4
\symAMSb=\mathgroup5
LaTeX Font Info:    Redeclaring math symbol \hbar on input line 98.
LaTeX Font Info:    Overwriting math alphabet `\mathfrak' in version `bold'
(Font)                  U/euf/m/n --> U/euf/b/n on input line 106.
))
(c:/texlive/2025/texmf-dist/tex/latex/float/float.sty
Package: float 2001/11/08 v1.3d Float enhancements (AL)
\c@float@type=\count302
\float@exts=\toks24
\float@box=\box55
\@float@everytoks=\toks25
\@floatcapt=\box56
)
(c:/texlive/2025/texmf-dist/tex/latex/hyperref/hyperref.sty
Package: hyperref 2025-07-12 v7.01o Hypertext links for LaTeX

(c:/texlive/2025/texmf-dist/tex/latex/kvsetkeys/kvsetkeys.sty
Package: kvsetkeys 2022-10-05 v1.19 Key value parser (HO)
)
(c:/texlive/2025/texmf-dist/tex/generic/kvdefinekeys/kvdefinekeys.sty
Package: kvdefinekeys 2019-12-19 v1.6 Define keys (HO)
)
(c:/texlive/2025/texmf-dist/tex/generic/pdfescape/pdfescape.sty
Package: pdfescape 2019/12/09 v1.15 Implements pdfTeX's escape features (HO)

(c:/texlive/2025/texmf-dist/tex/generic/ltxcmds/ltxcmds.sty
Package: ltxcmds 2023-12-04 v1.26 LaTeX kernel commands for general use (HO)
)
(c:/texlive/2025/texmf-dist/tex/generic/pdftexcmds/pdftexcmds.sty
Package: pdftexcmds 2020-06-27 v0.33 Utility functions of pdfTeX for LuaTeX (HO
)

(c:/texlive/2025/texmf-dist/tex/generic/infwarerr/infwarerr.sty
Package: infwarerr 2019/12/03 v1.5 Providing info/warning/error messages (HO)
)
Package pdftexcmds Info: \pdf@primitive is available.
Package pdftexcmds Info: \pdf@ifprimitive is available.
Package pdftexcmds Info: \pdfdraftmode found.
))
(c:/texlive/2025/texmf-dist/tex/latex/hycolor/hycolor.sty
Package: hycolor 2020-01-27 v1.10 Color options for hyperref/bookmark (HO)
)
(c:/texlive/2025/texmf-dist/tex/latex/hyperref/nameref.sty
Package: nameref 2025-06-21 v2.57 Cross-referencing by name of section

(c:/texlive/2025/texmf-dist/tex/latex/refcount/refcount.sty
Package: refcount 2019/12/15 v3.6 Data extraction from label references (HO)
)
(c:/texlive/2025/texmf-dist/tex/generic/gettitlestring/gettitlestring.sty
Package: gettitlestring 2019/12/15 v1.6 Cleanup title references (HO)

(c:/texlive/2025/texmf-dist/tex/latex/kvoptions/kvoptions.sty
Package: kvoptions 2022-06-15 v3.15 Key value format for package options (HO)
))
\c@section@level=\count303
)
(c:/texlive/2025/texmf-dist/tex/latex/etoolbox/etoolbox.sty
Package: etoolbox 2025/10/02 v2.5m e-TeX tools for LaTeX (JAW)
\etb@tempcnta=\count304
)
(c:/texlive/2025/texmf-dist/tex/generic/stringenc/stringenc.sty
Package: stringenc 2019/11/29 v1.12 Convert strings between diff. encodings (HO
)
)
\@linkdim=\dimen181
\Hy@linkcounter=\count305
\Hy@pagecounter=\count306

(c:/texlive/2025/texmf-dist/tex/latex/hyperref/pd1enc.def
File: pd1enc.def 2025-07-12 v7.01o Hyperref: PDFDocEncoding definition (HO)
Now handling font encoding PD1 ...
... no UTF-8 mapping file for font encoding PD1
)
(c:/texlive/2025/texmf-dist/tex/generic/intcalc/intcalc.sty
Package: intcalc 2019/12/15 v1.3 Expandable calculations with integers (HO)
)
\Hy@SavedSpaceFactor=\count307

(c:/texlive/2025/texmf-dist/tex/latex/hyperref/puenc.def
File: puenc.def 2025-07-12 v7.01o Hyperref: PDF Unicode definition (HO)
Now handling font encoding PU ...
... no UTF-8 mapping file for font encoding PU
)
Package hyperref Info: Hyper figures OFF on input line 4195.
Package hyperref Info: Link nesting OFF on input line 4200.
Package hyperref Info: Hyper index ON on input line 4203.
Package hyperref Info: Plain pages OFF on input line 4210.
Package hyperref Info: Backreferencing OFF on input line 4215.
Package hyperref Info: Implicit mode ON; LaTeX internals redefined.
Package hyperref Info: Bookmarks ON on input line 4462.
\c@Hy@tempcnt=\count308

(c:/texlive/2025/texmf-dist/tex/latex/url/url.sty
\Urlmuskip=\muskip18
Package: url 2013/09/16  ver 3.4  Verb mode for urls, etc.
)
LaTeX Info: Redefining \url on input line 4801.
\XeTeXLinkMargin=\dimen182

(c:/texlive/2025/texmf-dist/tex/generic/bitset/bitset.sty
Package: bitset 2019/12/09 v1.3 Handle bit-vector datatype (HO)

(c:/texlive/2025/texmf-dist/tex/generic/bigintcalc/bigintcalc.sty
Package: bigintcalc 2019/12/15 v1.5 Expandable calculations on big integers (HO
)
))
\Fld@menulength=\count309
\Field@Width=\dimen183
\Fld@charsize=\dimen184
Package hyperref Info: Hyper figures OFF on input line 6078.
Package hyperref Info: Link nesting OFF on input line 6083.
Package hyperref Info: Hyper index ON on input line 6086.
Package hyperref Info: backreferencing OFF on input line 6093.
Package hyperref Info: Link coloring OFF on input line 6098.
Package hyperref Info: Link coloring with OCG OFF on input line 6103.
Package hyperref Info: PDF/A mode OFF on input line 6108.
\Hy@abspage=\count310
\c@Item=\count311
\c@Hfootnote=\count312
)
Package hyperref Info: Driver (autodetected): hpdftex.

(c:/texlive/2025/texmf-dist/tex/latex/hyperref/hpdftex.def
File: hpdftex.def 2025-07-12 v7.01o Hyperref driver for pdfTeX
\Fld@listcount=\count313
\c@bookmark@seq@number=\count314

(c:/texlive/2025/texmf-dist/tex/latex/rerunfilecheck/rerunfilecheck.sty
Package: rerunfilecheck 2025-06-21 v1.11 Rerun checks for auxiliary files (HO)

(c:/texlive/2025/texmf-dist/tex/generic/uniquecounter/uniquecounter.sty
Package: uniquecounter 2019/12/15 v1.4 Provide unlimited unique counter (HO)
)
Package uniquecounter Info: New unique counter `rerunfilecheck' on input line 2
84.
)
\Hy@SectionHShift=\skip54
)
(c:/texlive/2025/texmf-dist/tex/latex/caption/caption.sty
Package: caption 2023/08/05 v3.6o Customizing captions (AR)

(c:/texlive/2025/texmf-dist/tex/latex/caption/caption3.sty
Package: caption3 2023/07/31 v2.4d caption3 kernel (AR)
\caption@tempdima=\dimen185
\captionmargin=\dimen186
\caption@leftmargin=\dimen187
\caption@rightmargin=\dimen188
\caption@width=\dimen189
\caption@indent=\dimen190
\caption@parindent=\dimen191
\caption@hangindent=\dimen192
Package caption Info: Standard document class detected.
)
\c@caption@flags=\count315
\c@continuedfloat=\count316
Package caption Info: float package is loaded.
Package caption Info: hyperref package is loaded.
)
(c:/texlive/2025/texmf-dist/tex/latex/tools/array.sty
Package: array 2025/06/08 v2.6j Tabular extension package (FMi)
\col@sep=\dimen193
\ar@mcellbox=\box57
\extrarowheight=\dimen194
\NC@list=\toks26
\extratabsurround=\skip55
\backup@length=\skip56
\ar@cellbox=\box58
)
(c:/texlive/2025/texmf-dist/tex/latex/pgf/utilities/pgffor.sty
(c:/texlive/2025/texmf-dist/tex/latex/pgf/utilities/pgfrcs.sty
(c:/texlive/2025/texmf-dist/tex/generic/pgf/utilities/pgfutil-common.tex
\pgfutil@everybye=\toks27
\pgfutil@tempdima=\dimen195
\pgfutil@tempdimb=\dimen196
)
(c:/texlive/2025/texmf-dist/tex/generic/pgf/utilities/pgfutil-latex.def
\pgfutil@abb=\box59
)
(c:/texlive/2025/texmf-dist/tex/generic/pgf/utilities/pgfrcs.code.tex
(c:/texlive/2025/texmf-dist/tex/generic/pgf/pgf.revision.tex)
Package: pgfrcs 2025-08-29 v3.1.11a (3.1.11a)
))
(c:/texlive/2025/texmf-dist/tex/latex/pgf/utilities/pgfkeys.sty
(c:/texlive/2025/texmf-dist/tex/generic/pgf/utilities/pgfkeys.code.tex
\pgfkeys@pathtoks=\toks28
\pgfkeys@temptoks=\toks29

(c:/texlive/2025/texmf-dist/tex/generic/pgf/utilities/pgfkeyslibraryfiltered.co
de.tex
\pgfkeys@tmptoks=\toks30
))) (c:/texlive/2025/texmf-dist/tex/latex/pgf/math/pgfmath.sty
(c:/texlive/2025/texmf-dist/tex/generic/pgf/math/pgfmath.code.tex
(c:/texlive/2025/texmf-dist/tex/generic/pgf/math/pgfmathutil.code.tex
\pgf@x=\dimen197
\pgf@xa=\dimen198
\pgf@xb=\dimen199
\pgf@xc=\dimen256
\pgf@y=\dimen257
\pgf@ya=\dimen258
\pgf@yb=\dimen259
\pgf@yc=\dimen260
\c@pgf@counta=\count317
\c@pgf@countb=\count318
\c@pgf@countc=\count319
\c@pgf@countd=\count320
)
(c:/texlive/2025/texmf-dist/tex/generic/pgf/math/pgfmathparser.code.tex
\pgfmath@dimen=\dimen261
\pgfmath@count=\count321
\pgfmath@box=\box60
\pgfmath@toks=\toks31
\pgfmath@stack@operand=\toks32
\pgfmath@stack@operation=\toks33
)
(c:/texlive/2025/texmf-dist/tex/generic/pgf/math/pgfmathfunctions.code.tex)
(c:/texlive/2025/texmf-dist/tex/generic/pgf/math/pgfmathfunctions.basic.code.te
x)
(c:/texlive/2025/texmf-dist/tex/generic/pgf/math/pgfmathfunctions.trigonometric
.code.tex)
(c:/texlive/2025/texmf-dist/tex/generic/pgf/math/pgfmathfunctions.random.code.t
ex)
(c:/texlive/2025/texmf-dist/tex/generic/pgf/math/pgfmathfunctions.comparison.co
de.tex)
(c:/texlive/2025/texmf-dist/tex/generic/pgf/math/pgfmathfunctions.base.code.tex
)
(c:/texlive/2025/texmf-dist/tex/generic/pgf/math/pgfmathfunctions.round.code.te
x)
(c:/texlive/2025/texmf-dist/tex/generic/pgf/math/pgfmathfunctions.misc.code.tex
)
(c:/texlive/2025/texmf-dist/tex/generic/pgf/math/pgfmathfunctions.integerarithm
etics.code.tex)
(c:/texlive/2025/texmf-dist/tex/generic/pgf/math/pgfmathcalc.code.tex)
(c:/texlive/2025/texmf-dist/tex/generic/pgf/math/pgfmathfloat.code.tex
\c@pgfmathroundto@lastzeros=\count322
)))
(c:/texlive/2025/texmf-dist/tex/generic/pgf/utilities/pgffor.code.tex
Package: pgffor 2025-08-29 v3.1.11a (3.1.11a)
\pgffor@iter=\dimen262
\pgffor@skip=\dimen263
\pgffor@stack=\toks34
\pgffor@toks=\toks35
))
(c:/texlive/2025/texmf-dist/tex/latex/listings/listings.sty
\lst@mode=\count323
\lst@gtempboxa=\box61
\lst@token=\toks36
\lst@length=\count324
\lst@currlwidth=\dimen264
\lst@column=\count325
\lst@pos=\count326
\lst@lostspace=\dimen265
\lst@width=\dimen266
\lst@newlines=\count327
\lst@lineno=\count328
\lst@maxwidth=\dimen267

(c:/texlive/2025/texmf-dist/tex/latex/listings/lstpatch.sty
File: lstpatch.sty 2024/09/23 1.10c (Carsten Heinz)
)
(c:/texlive/2025/texmf-dist/tex/latex/listings/lstmisc.sty
File: lstmisc.sty 2024/09/23 1.10c (Carsten Heinz)
\c@lstnumber=\count329
\lst@skipnumbers=\count330
\lst@framebox=\box62
)
(c:/texlive/2025/texmf-dist/tex/latex/listings/listings.cfg
File: listings.cfg 2024/09/23 1.10c listings configuration
))
Package: listings 2024/09/23 1.10c (Carsten Heinz)

(c:/texlive/2025/texmf-dist/tex/latex/l3backend/l3backend-pdftex.def
File: l3backend-pdftex.def 2025-10-09 L3 backend support: PDF output (pdfTeX)
\l__color_backend_stack_int=\count331
)
(./main.aux)
\openout1 = `main.aux'.

LaTeX Font Info:    Checking defaults for OML/cmm/m/it on input line 43.
LaTeX Font Info:    ... okay on input line 43.
LaTeX Font Info:    Checking defaults for OMS/cmsy/m/n on input line 43.
LaTeX Font Info:    ... okay on input line 43.
LaTeX Font Info:    Checking defaults for OT1/cmr/m/n on input line 43.
LaTeX Font Info:    ... okay on input line 43.
LaTeX Font Info:    Checking defaults for T1/cmr/m/n on input line 43.
LaTeX Font Info:    ... okay on input line 43.
LaTeX Font Info:    Checking defaults for TS1/cmr/m/n on input line 43.
LaTeX Font Info:    ... okay on input line 43.
LaTeX Font Info:    Checking defaults for OMX/cmex/m/n on input line 43.
LaTeX Font Info:    ... okay on input line 43.
LaTeX Font Info:    Checking defaults for U/cmr/m/n on input line 43.
LaTeX Font Info:    ... okay on input line 43.
LaTeX Font Info:    Checking defaults for PD1/pdf/m/n on input line 43.
LaTeX Font Info:    ... okay on input line 43.
LaTeX Font Info:    Checking defaults for PU/pdf/m/n on input line 43.
LaTeX Font Info:    ... okay on input line 43.

*geometry* driver: auto-detecting
*geometry* detected driver: pdftex
*geometry* verbose mode - [ preamble ] result:
* driver: pdftex
* paper: <default>
* layout: <same size as paper>
* layoutoffset:(h,v)=(0.0pt,0.0pt)
* modes: 
* h-part:(L,W,R)=(72.26999pt, 469.75502pt, 72.26999pt)
* v-part:(T,H,B)=(72.26999pt, 650.43001pt, 72.26999pt)
* \paperwidth=614.295pt
* \paperheight=794.96999pt
* \textwidth=469.75502pt
* \textheight=650.43001pt
* \oddsidemargin=0.0pt
* \evensidemargin=0.0pt
* \topmargin=-37.0pt
* \headheight=12.0pt
* \headsep=25.0pt
* \topskip=11.0pt
* \footskip=30.0pt
* \marginparwidth=59.0pt
* \marginparsep=10.0pt
* \columnsep=10.0pt
* \skip\footins=10.0pt plus 4.0pt minus 2.0pt
* \hoffset=0.0pt
* \voffset=0.0pt
* \mag=1000
* \@twocolumnfalse
* \@twosidefalse
* \@mparswitchfalse
* \@reversemarginfalse
* (1in=72.27pt=25.4mm, 1cm=28.453pt)

(c:/texlive/2025/texmf-dist/tex/context/base/mkii/supp-pdf.mkii
[Loading MPS to PDF converter (version 2006.09.02).]
\scratchcounter=\count332
\scratchdimen=\dimen268
\scratchbox=\box63
\nofMPsegments=\count333
\nofMParguments=\count334
\everyMPshowfont=\toks37
\MPscratchCnt=\count335
\MPscratchDim=\dimen269
\MPnumerator=\count336
\makeMPintoPDFobject=\count337
\everyMPtoPDFconversion=\toks38
) (c:/texlive/2025/texmf-dist/tex/latex/epstopdf-pkg/epstopdf-base.sty
Package: epstopdf-base 2020-01-24 v2.11 Base part for package epstopdf
Package epstopdf-base Info: Redefining graphics rule for `.eps' on input line 4
85.

(c:/texlive/2025/texmf-dist/tex/latex/latexconfig/epstopdf-sys.cfg
File: epstopdf-sys.cfg 2010/07/13 v1.3 Configuration of (r)epstopdf for TeX Liv
e
))
Package hyperref Info: Link coloring OFF on input line 43.

(./main.out) (./main.out)
\@outlinefile=\write3
\openout3 = `main.out'.

Package caption Info: Begin \AtBeginDocument code.
Package caption Info: listings package is loaded.
Package caption Info: End \AtBeginDocument code.
\c@lstlisting=\count338
LaTeX Font Info:    Trying to load font information for U+msa on input line 45.


(c:/texlive/2025/texmf-dist/tex/latex/amsfonts/umsa.fd
File: umsa.fd 2013/01/14 v3.01 AMS symbols A
)
LaTeX Font Info:    Trying to load font information for U+msb on input line 45.


(c:/texlive/2025/texmf-dist/tex/latex/amsfonts/umsb.fd
File: umsb.fd 2013/01/14 v3.01 AMS symbols B
)
<out/figures/kodak_contact_sheet.png, id=110, 1010.466pt x 687.5505pt>
File: out/figures/kodak_contact_sheet.png Graphic file (type png)
<use out/figures/kodak_contact_sheet.png>
Package pdftex.def Info: out/figures/kodak_contact_sheet.png  used on input lin
e 67.
(pdftex.def)             Requested size: 460.35791pt x 313.24512pt.


[1

{c:/texlive/2025/texmf-var/fonts/map/pdftex/updmap/pdftex.map}]
(./out/tables/paper_kodak_manifest.tex)
Overfull \hbox (4.06116pt too wide) in paragraph at lines 83--84
\OT1/cmr/m/n/10.95 dataset con-tact sheets, solver met-ric graphs, Gauss-Seidel
 con-ver-gence plots, wall-of-decryption
 []



[2 <./out/figures/kodak_contact_sheet.png>]

[3{c:/texlive/2025/texmf-dist/fonts/enc/dvips/cm-super/cm-super-ts1.enc}]

[4] (./out/tables/paper_dense_primary.tex)
(./out/tables/paper_sparse_primary.tex) (./out/tables/paper_overall_summary.tex
) (./out/tables/paper_delta_vs_np_solve.tex)

[5]
<out/figures/metrics_dense.png, id=170, 1236.8025pt x 397.485pt>
File: out/figures/metrics_dense.png Graphic file (type png)
<use out/figures/metrics_dense.png>
Package pdftex.def Info: out/figures/metrics_dense.png  used on input line 173.

(pdftex.def)             Requested size: 460.35791pt x 147.94658pt.
<out/figures/metrics_sparse.png, id=171, 1236.8025pt x 397.485pt>
File: out/figures/metrics_sparse.png Graphic file (type png)
<use out/figures/metrics_sparse.png>
Package pdftex.def Info: out/figures/metrics_sparse.png  used on input line 175
.
(pdftex.def)             Requested size: 460.35791pt x 147.94658pt.
<out/figures/wall_01.png, id=172, 1381.3425pt x 276.2685pt>
File: out/figures/wall_01.png Graphic file (type png)
<use out/figures/wall_01.png>
Package pdftex.def Info: out/figures/wall_01.png  used on input line 177.
(pdftex.def)             Requested size: 460.35791pt x 92.071pt.


[6 <./out/figures/metrics_dense.png> <./out/figures/metrics_sparse.png>]
<out/figures/wall_err_01.png, id=182, 961.848pt x 282.8385pt>
File: out/figures/wall_err_01.png Graphic file (type png)
<use out/figures/wall_err_01.png>
Package pdftex.def Info: out/figures/wall_err_01.png  used on input line 179.
(pdftex.def)             Requested size: 460.35791pt x 135.3682pt.
<out/figures/paper_triptych.png, id=183, 1111.644pt x 355.1085pt>
File: out/figures/paper_triptych.png Graphic file (type png)
<use out/figures/paper_triptych.png>
Package pdftex.def Info: out/figures/paper_triptych.png  used on input line 181
.
(pdftex.def)             Requested size: 432.17375pt x 138.05286pt.
<out/figures/gs_convergence_traces.png, id=184, 904.3605pt x 384.0165pt>
File: out/figures/gs_convergence_traces.png Graphic file (type png)
<use out/figures/gs_convergence_traces.png>
Package pdftex.def Info: out/figures/gs_convergence_traces.png  used on input l
ine 183.
(pdftex.def)             Requested size: 450.96797pt x 191.49213pt.


[7 <./out/figures/wall_01.png> <./out/figures/wall_err_01.png> <./out/figures/p
aper_triptych.png>]

[8 <./out/figures/gs_convergence_traces.png>]

[9] (./appendix_pseudocode.tex

[10]

[11]) (./appendix_walls.tex
File: out/figures/wall_01.png Graphic file (type png)
<use out/figures/wall_01.png>
Package pdftex.def Info: out/figures/wall_01.png  used on input line 4.
(pdftex.def)             Requested size: 460.35791pt x 92.071pt.
<out/figures/wall_02.png, id=313, 1381.3425pt x 276.2685pt>
File: out/figures/wall_02.png Graphic file (type png)
<use out/figures/wall_02.png>
Package pdftex.def Info: out/figures/wall_02.png  used on input line 4.
(pdftex.def)             Requested size: 460.35791pt x 92.071pt.


[12]
<out/figures/wall_03.png, id=359, 1381.3425pt x 276.2685pt>
File: out/figures/wall_03.png Graphic file (type png)
<use out/figures/wall_03.png>
Package pdftex.def Info: out/figures/wall_03.png  used on input line 4.
(pdftex.def)             Requested size: 460.35791pt x 92.071pt.
<out/figures/wall_04.png, id=360, 1381.3425pt x 276.2685pt>
File: out/figures/wall_04.png Graphic file (type png)
<use out/figures/wall_04.png>
Package pdftex.def Info: out/figures/wall_04.png  used on input line 4.
(pdftex.def)             Requested size: 460.35791pt x 92.071pt.
<out/figures/wall_05.png, id=361, 1381.3425pt x 276.2685pt>
File: out/figures/wall_05.png Graphic file (type png)
<use out/figures/wall_05.png>
Package pdftex.def Info: out/figures/wall_05.png  used on input line 4.
(pdftex.def)             Requested size: 460.35791pt x 92.071pt.
<out/figures/wall_06.png, id=362, 1381.3425pt x 276.2685pt>
File: out/figures/wall_06.png Graphic file (type png)
<use out/figures/wall_06.png>
Package pdftex.def Info: out/figures/wall_06.png  used on input line 4.
(pdftex.def)             Requested size: 460.35791pt x 92.071pt.


[13 <./out/figures/wall_02.png> <./out/figures/wall_03.png> <./out/figures/wall
_04.png>]
<out/figures/wall_07.png, id=375, 1381.3425pt x 276.2685pt>
File: out/figures/wall_07.png Graphic file (type png)
<use out/figures/wall_07.png>
Package pdftex.def Info: out/figures/wall_07.png  used on input line 4.
(pdftex.def)             Requested size: 460.35791pt x 92.071pt.
<out/figures/wall_08.png, id=376, 1381.3425pt x 276.2685pt>
File: out/figures/wall_08.png Graphic file (type png)
<use out/figures/wall_08.png>
Package pdftex.def Info: out/figures/wall_08.png  used on input line 4.
(pdftex.def)             Requested size: 460.35791pt x 92.071pt.
<out/figures/wall_09.png, id=377, 1381.3425pt x 276.2685pt>
File: out/figures/wall_09.png Graphic file (type png)
<use out/figures/wall_09.png>
Package pdftex.def Info: out/figures/wall_09.png  used on input line 4.
(pdftex.def)             Requested size: 460.35791pt x 92.071pt.
<out/figures/wall_10.png, id=378, 1381.3425pt x 276.2685pt>
File: out/figures/wall_10.png Graphic file (type png)
<use out/figures/wall_10.png>
Package pdftex.def Info: out/figures/wall_10.png  used on input line 4.
(pdftex.def)             Requested size: 460.35791pt x 92.071pt.


[14 <./out/figures/wall_05.png> <./out/figures/wall_06.png> <./out/figures/wall
_07.png> <./out/figures/wall_08.png>]
<out/figures/wall_11.png, id=391, 1381.3425pt x 276.2685pt>
File: out/figures/wall_11.png Graphic file (type png)
<use out/figures/wall_11.png>
Package pdftex.def Info: out/figures/wall_11.png  used on input line 4.
(pdftex.def)             Requested size: 460.35791pt x 92.071pt.
<out/figures/wall_12.png, id=392, 1381.3425pt x 276.2685pt>
File: out/figures/wall_12.png Graphic file (type png)
<use out/figures/wall_12.png>
Package pdftex.def Info: out/figures/wall_12.png  used on input line 4.
(pdftex.def)             Requested size: 460.35791pt x 92.071pt.
<out/figures/wall_13.png, id=393, 1381.3425pt x 276.2685pt>
File: out/figures/wall_13.png Graphic file (type png)
<use out/figures/wall_13.png>
Package pdftex.def Info: out/figures/wall_13.png  used on input line 4.
(pdftex.def)             Requested size: 460.35791pt x 92.071pt.
<out/figures/wall_14.png, id=394, 1381.3425pt x 276.2685pt>
File: out/figures/wall_14.png Graphic file (type png)
<use out/figures/wall_14.png>
Package pdftex.def Info: out/figures/wall_14.png  used on input line 4.
(pdftex.def)             Requested size: 460.35791pt x 92.071pt.


[15 <./out/figures/wall_09.png> <./out/figures/wall_10.png> <./out/figures/wall
_11.png> <./out/figures/wall_12.png>]
<out/figures/wall_15.png, id=408, 1381.3425pt x 276.2685pt>
File: out/figures/wall_15.png Graphic file (type png)
<use out/figures/wall_15.png>
Package pdftex.def Info: out/figures/wall_15.png  used on input line 4.
(pdftex.def)             Requested size: 460.35791pt x 92.071pt.
<out/figures/wall_16.png, id=409, 1381.3425pt x 276.2685pt>
File: out/figures/wall_16.png Graphic file (type png)
<use out/figures/wall_16.png>
Package pdftex.def Info: out/figures/wall_16.png  used on input line 4.
(pdftex.def)             Requested size: 460.35791pt x 92.071pt.
<out/figures/wall_17.png, id=410, 1381.3425pt x 276.2685pt>
File: out/figures/wall_17.png Graphic file (type png)
<use out/figures/wall_17.png>
Package pdftex.def Info: out/figures/wall_17.png  used on input line 4.
(pdftex.def)             Requested size: 460.35791pt x 92.071pt.
<out/figures/wall_18.png, id=411, 1381.3425pt x 276.2685pt>
File: out/figures/wall_18.png Graphic file (type png)
<use out/figures/wall_18.png>
Package pdftex.def Info: out/figures/wall_18.png  used on input line 4.
(pdftex.def)             Requested size: 460.35791pt x 92.071pt.


[16 <./out/figures/wall_13.png> <./out/figures/wall_14.png> <./out/figures/wall
_15.png> <./out/figures/wall_16.png>]
<out/figures/wall_19.png, id=424, 1381.3425pt x 276.2685pt>
File: out/figures/wall_19.png Graphic file (type png)
<use out/figures/wall_19.png>
Package pdftex.def Info: out/figures/wall_19.png  used on input line 4.
(pdftex.def)             Requested size: 460.35791pt x 92.071pt.
<out/figures/wall_20.png, id=425, 1381.3425pt x 276.2685pt>
File: out/figures/wall_20.png Graphic file (type png)
<use out/figures/wall_20.png>
Package pdftex.def Info: out/figures/wall_20.png  used on input line 4.
(pdftex.def)             Requested size: 460.35791pt x 92.071pt.
<out/figures/wall_21.png, id=426, 1381.3425pt x 276.2685pt>
File: out/figures/wall_21.png Graphic file (type png)
<use out/figures/wall_21.png>
Package pdftex.def Info: out/figures/wall_21.png  used on input line 4.
(pdftex.def)             Requested size: 460.35791pt x 92.071pt.
<out/figures/wall_22.png, id=427, 1381.3425pt x 276.2685pt>
File: out/figures/wall_22.png Graphic file (type png)
<use out/figures/wall_22.png>
Package pdftex.def Info: out/figures/wall_22.png  used on input line 4.
(pdftex.def)             Requested size: 460.35791pt x 92.071pt.


[17 <./out/figures/wall_17.png> <./out/figures/wall_18.png> <./out/figures/wall
_19.png> <./out/figures/wall_20.png>]
<out/figures/wall_23.png, id=440, 1381.3425pt x 276.2685pt>
File: out/figures/wall_23.png Graphic file (type png)
<use out/figures/wall_23.png>
Package pdftex.def Info: out/figures/wall_23.png  used on input line 4.
(pdftex.def)             Requested size: 460.35791pt x 92.071pt.
<out/figures/wall_24.png, id=441, 1381.3425pt x 276.2685pt>
File: out/figures/wall_24.png Graphic file (type png)
<use out/figures/wall_24.png>
Package pdftex.def Info: out/figures/wall_24.png  used on input line 4.
(pdftex.def)             Requested size: 460.35791pt x 92.071pt.
File: out/figures/wall_err_01.png Graphic file (type png)
<use out/figures/wall_err_01.png>
Package pdftex.def Info: out/figures/wall_err_01.png  used on input line 9.
(pdftex.def)             Requested size: 432.17375pt x 127.08192pt.
<out/figures/wall_err_02.png, id=442, 961.848pt x 282.8385pt>
File: out/figures/wall_err_02.png Graphic file (type png)
<use out/figures/wall_err_02.png>
Package pdftex.def Info: out/figures/wall_err_02.png  used on input line 9.
(pdftex.def)             Requested size: 432.17375pt x 127.08192pt.


[18 <./out/figures/wall_21.png> <./out/figures/wall_22.png> <./out/figures/wall
_23.png> <./out/figures/wall_24.png>]
<out/figures/wall_err_03.png, id=455, 961.848pt x 282.8385pt>
File: out/figures/wall_err_03.png Graphic file (type png)
<use out/figures/wall_err_03.png>
Package pdftex.def Info: out/figures/wall_err_03.png  used on input line 9.
(pdftex.def)             Requested size: 432.17375pt x 127.08192pt.
<out/figures/wall_err_04.png, id=456, 961.848pt x 282.8385pt>
File: out/figures/wall_err_04.png Graphic file (type png)
<use out/figures/wall_err_04.png>
Package pdftex.def Info: out/figures/wall_err_04.png  used on input line 9.
(pdftex.def)             Requested size: 432.17375pt x 127.08192pt.
<out/figures/wall_err_05.png, id=457, 961.848pt x 282.8385pt>
File: out/figures/wall_err_05.png Graphic file (type png)
<use out/figures/wall_err_05.png>
Package pdftex.def Info: out/figures/wall_err_05.png  used on input line 9.
(pdftex.def)             Requested size: 432.17375pt x 127.08192pt.


[19 <./out/figures/wall_err_02.png> <./out/figures/wall_err_03.png>]
<out/figures/wall_err_06.png, id=468, 961.848pt x 282.8385pt>
File: out/figures/wall_err_06.png Graphic file (type png)
<use out/figures/wall_err_06.png>
Package pdftex.def Info: out/figures/wall_err_06.png  used on input line 9.
(pdftex.def)             Requested size: 432.17375pt x 127.08192pt.
<out/figures/wall_err_07.png, id=469, 961.848pt x 282.8385pt>
File: out/figures/wall_err_07.png Graphic file (type png)
<use out/figures/wall_err_07.png>
Package pdftex.def Info: out/figures/wall_err_07.png  used on input line 9.
(pdftex.def)             Requested size: 432.17375pt x 127.08192pt.
<out/figures/wall_err_08.png, id=470, 961.848pt x 282.8385pt>
File: out/figures/wall_err_08.png Graphic file (type png)
<use out/figures/wall_err_08.png>
Package pdftex.def Info: out/figures/wall_err_08.png  used on input line 9.
(pdftex.def)             Requested size: 432.17375pt x 127.08192pt.


[20 <./out/figures/wall_err_04.png> <./out/figures/wall_err_05.png> <./out/figu
res/wall_err_06.png>]
<out/figures/wall_err_09.png, id=481, 961.848pt x 282.8385pt>
File: out/figures/wall_err_09.png Graphic file (type png)
<use out/figures/wall_err_09.png>
Package pdftex.def Info: out/figures/wall_err_09.png  used on input line 9.
(pdftex.def)             Requested size: 432.17375pt x 127.08192pt.
<out/figures/wall_err_10.png, id=482, 961.848pt x 282.8385pt>
File: out/figures/wall_err_10.png Graphic file (type png)
<use out/figures/wall_err_10.png>
Package pdftex.def Info: out/figures/wall_err_10.png  used on input line 9.
(pdftex.def)             Requested size: 432.17375pt x 127.08192pt.
<out/figures/wall_err_11.png, id=483, 961.848pt x 282.8385pt>
File: out/figures/wall_err_11.png Graphic file (type png)
<use out/figures/wall_err_11.png>
Package pdftex.def Info: out/figures/wall_err_11.png  used on input line 9.
(pdftex.def)             Requested size: 432.17375pt x 127.08192pt.


[21 <./out/figures/wall_err_07.png> <./out/figures/wall_err_08.png> <./out/figu
res/wall_err_09.png>]
<out/figures/wall_err_12.png, id=494, 961.848pt x 282.8385pt>
File: out/figures/wall_err_12.png Graphic file (type png)
<use out/figures/wall_err_12.png>
Package pdftex.def Info: out/figures/wall_err_12.png  used on input line 9.
(pdftex.def)             Requested size: 432.17375pt x 127.08192pt.
<out/figures/wall_err_13.png, id=495, 961.848pt x 282.8385pt>
File: out/figures/wall_err_13.png Graphic file (type png)
<use out/figures/wall_err_13.png>
Package pdftex.def Info: out/figures/wall_err_13.png  used on input line 9.
(pdftex.def)             Requested size: 432.17375pt x 127.08192pt.
<out/figures/wall_err_14.png, id=496, 961.848pt x 282.8385pt>
File: out/figures/wall_err_14.png Graphic file (type png)
<use out/figures/wall_err_14.png>
Package pdftex.def Info: out/figures/wall_err_14.png  used on input line 9.
(pdftex.def)             Requested size: 432.17375pt x 127.08192pt.


[22 <./out/figures/wall_err_10.png> <./out/figures/wall_err_11.png> <./out/figu
res/wall_err_12.png>]
<out/figures/wall_err_15.png, id=507, 961.848pt x 282.8385pt>
File: out/figures/wall_err_15.png Graphic file (type png)
<use out/figures/wall_err_15.png>
Package pdftex.def Info: out/figures/wall_err_15.png  used on input line 9.
(pdftex.def)             Requested size: 432.17375pt x 127.08192pt.
<out/figures/wall_err_16.png, id=508, 961.848pt x 282.8385pt>
File: out/figures/wall_err_16.png Graphic file (type png)
<use out/figures/wall_err_16.png>
Package pdftex.def Info: out/figures/wall_err_16.png  used on input line 9.
(pdftex.def)             Requested size: 432.17375pt x 127.08192pt.
<out/figures/wall_err_17.png, id=509, 961.848pt x 282.8385pt>
File: out/figures/wall_err_17.png Graphic file (type png)
<use out/figures/wall_err_17.png>
Package pdftex.def Info: out/figures/wall_err_17.png  used on input line 9.
(pdftex.def)             Requested size: 432.17375pt x 127.08192pt.


[23 <./out/figures/wall_err_13.png> <./out/figures/wall_err_14.png> <./out/figu
res/wall_err_15.png>]
<out/figures/wall_err_18.png, id=520, 961.848pt x 282.8385pt>
File: out/figures/wall_err_18.png Graphic file (type png)
<use out/figures/wall_err_18.png>
Package pdftex.def Info: out/figures/wall_err_18.png  used on input line 9.
(pdftex.def)             Requested size: 432.17375pt x 127.08192pt.
<out/figures/wall_err_19.png, id=521, 961.848pt x 282.8385pt>
File: out/figures/wall_err_19.png Graphic file (type png)
<use out/figures/wall_err_19.png>
Package pdftex.def Info: out/figures/wall_err_19.png  used on input line 9.
(pdftex.def)             Requested size: 432.17375pt x 127.08192pt.
<out/figures/wall_err_20.png, id=522, 961.848pt x 282.8385pt>
File: out/figures/wall_err_20.png Graphic file (type png)
<use out/figures/wall_err_20.png>
Package pdftex.def Info: out/figures/wall_err_20.png  used on input line 9.
(pdftex.def)             Requested size: 432.17375pt x 127.08192pt.


[24 <./out/figures/wall_err_16.png> <./out/figures/wall_err_17.png> <./out/figu
res/wall_err_18.png>]
<out/figures/wall_err_21.png, id=533, 961.848pt x 282.8385pt>
File: out/figures/wall_err_21.png Graphic file (type png)
<use out/figures/wall_err_21.png>
Package pdftex.def Info: out/figures/wall_err_21.png  used on input line 9.
(pdftex.def)             Requested size: 432.17375pt x 127.08192pt.
<out/figures/wall_err_22.png, id=534, 961.848pt x 282.8385pt>
File: out/figures/wall_err_22.png Graphic file (type png)
<use out/figures/wall_err_22.png>
Package pdftex.def Info: out/figures/wall_err_22.png  used on input line 9.
(pdftex.def)             Requested size: 432.17375pt x 127.08192pt.
<out/figures/wall_err_23.png, id=535, 961.848pt x 282.8385pt>
File: out/figures/wall_err_23.png Graphic file (type png)
<use out/figures/wall_err_23.png>
Package pdftex.def Info: out/figures/wall_err_23.png  used on input line 9.
(pdftex.def)             Requested size: 432.17375pt x 127.08192pt.


[25 <./out/figures/wall_err_19.png> <./out/figures/wall_err_20.png> <./out/figu
res/wall_err_21.png>]
<out/figures/wall_err_24.png, id=547, 961.848pt x 282.8385pt>
File: out/figures/wall_err_24.png Graphic file (type png)
<use out/figures/wall_err_24.png>
Package pdftex.def Info: out/figures/wall_err_24.png  used on input line 9.
(pdftex.def)             Requested size: 432.17375pt x 127.08192pt.
) (./main.bbl
Underfull \hbox (badness 2980) in paragraph at lines 15--21
[]\OT1/cmr/m/n/10.95 R. Kiruba.  Lu de-com-po-si-tion notes.  []$\OT1/cmtt/m/n/
10.95 https : / / www . cl . cam . ac . uk / teaching / 1314 /
 []



[26 <./out/figures/wall_err_22.png> <./out/figures/wall_err_23.png> <./out/figu
res/wall_err_24.png>])

[27] (./main.aux)
 ***********
LaTeX2e <2025-06-01> patch level 1
L3 programming layer <2025-10-24>
 ***********
Package rerunfilecheck Info: File `main.out' has not changed.
(rerunfilecheck)             Checksum: 866FE1FEC11EB12AA540098470CBE9DA;3768.
 ) 
Here is how much of TeX's memory you used:
 19172 strings out of 467747
 327870 string characters out of 5431120
 1105055 words of memory out of 5000000
 47366 multiletter control sequences out of 15000+600000
 638463 words of font info for 82 fonts, out of 8000000 for 9000
 1141 hyphenation exceptions out of 8191
 75i,10n,79p,852b,1966s stack positions out of 10000i,1000n,20000p,200000b,200000s
<c:/texlive/2025/texmf-dist/fonts/type1/public/amsfonts/cm/cmbx10.pfb><c:/tex
live/2025/texmf-dist/fonts/type1/public/amsfonts/cm/cmbx12.pfb><c:/texlive/2025
/texmf-dist/fonts/type1/public/amsfonts/cm/cmmi10.pfb><c:/texlive/2025/texmf-di
st/fonts/type1/public/amsfonts/cm/cmr10.pfb><c:/texlive/2025/texmf-dist/fonts/t
ype1/public/amsfonts/cm/cmr12.pfb><c:/texlive/2025/texmf-dist/fonts/type1/publi
c/amsfonts/cm/cmr17.pfb><c:/texlive/2025/texmf-dist/fonts/type1/public/amsfonts
/cm/cmr8.pfb><c:/texlive/2025/texmf-dist/fonts/type1/public/amsfonts/cm/cmsy10.
pfb><c:/texlive/2025/texmf-dist/fonts/type1/public/amsfonts/cm/cmsy8.pfb><c:/te
xlive/2025/texmf-dist/fonts/type1/public/amsfonts/cm/cmti10.pfb><c:/texlive/202
5/texmf-dist/fonts/type1/public/amsfonts/cm/cmtt10.pfb><c:/texlive/2025/texmf-d
ist/fonts/type1/public/amsfonts/symbols/msbm10.pfb><c:/texlive/2025/texmf-dist/
fonts/type1/public/cm-super/sfrm1095.pfb>
Output written on main.pdf (27 pages, 7656549 bytes).
PDF statistics:
 682 PDF objects out of 1000 (max. 8388607)
 515 compressed objects within 6 object streams
 259 named destinations out of 1000 (max. 500000)
 474 words of extra memory for PDF output out of 10000 (max. 10000000)

